<?xml version="1.0" encoding="UTF-8"?>
<!-- Generated by org.testng.reporters.JUnitReportReporter -->
<testsuite skipped="0" hostname="dell-PC" name="WebsiteTestCases.FacebookTestCases" tests="1" failures="0" timestamp="10 Feb 2019 13:16:54 GMT" time="10.577" errors="0">
  <testcase name="loginFb" time="10.577" classname="WebsiteTestCases.FacebookTestCases"/>
</testsuite> <!-- WebsiteTestCases.FacebookTestCases -->
