<?xml version="1.0" encoding="UTF-8"?>
<!-- Generated by org.testng.reporters.JUnitReportReporter -->
<testsuite skipped="0" hostname="dell-PC" name="UnitTestCases.TestDataProviderFactory" tests="2" failures="0" timestamp="10 Feb 2019 12:26:06 GMT" time="0.979" errors="0">
  <testcase name="TestConfigFile" time="0.020" classname="UnitTestCases.TestDataProviderFactory"/>
  <testcase name="TestExcelDataProvider" time="0.959" classname="UnitTestCases.TestDataProviderFactory"/>
</testsuite> <!-- UnitTestCases.TestDataProviderFactory -->
